<?xml version="1.0" encoding="UTF-8"?>
<!-- Generated by org.testng.reporters.JUnitReportReporter -->
<testsuite skipped="0" hostname="HP" name="com.generic.ExtentReport" tests="2" failures="0" timestamp="27 Aug 2021 11:39:53 GMT" time="15.692" errors="0">
  <testcase name="test1" time="8.616" classname="com.generic.ExtentReport"/>
  <testcase name="test2" time="7.076" classname="com.generic.ExtentReport"/>
</testsuite> <!-- com.generic.ExtentReport -->
